<?xml version="1.0" encoding="UTF-8"?>
<!-- Generated by org.testng.reporters.JUnitReportReporter -->
<testsuite hostname="LAPTOP-DP" failures="0" tests="3" name="backend.rickandmorty.character.CharacterEndpointTest" time="3.242" errors="0" timestamp="2025-01-31T14:21:48 MST" skipped="0">
  <testcase classname="backend.rickandmorty.character.CharacterEndpointTest" name="testGetCharacterResponseHeaders" time="2.072"/>
  <testcase classname="backend.rickandmorty.character.CharacterEndpointTest" name="testGetCharacterStatusCode" time="0.146"/>
  <testcase classname="backend.rickandmorty.character.CharacterEndpointTest" name="testGetCharacterResponsePayload" time="1.024"/>
</testsuite> <!-- backend.rickandmorty.character.CharacterEndpointTest -->
