<?xml version="1.0" encoding="UTF-8"?>
<!-- Generated by org.testng.reporters.JUnitReportReporter -->
<testsuite hostname="LAPTOP-DP" failures="0" tests="1" name="backend.rickandmorty.episode.EpisodeEndpointTest" time="0.252" errors="0" timestamp="2025-01-31T14:21:48 MST" skipped="0">
  <testcase classname="backend.rickandmorty.episode.EpisodeEndpointTest" name="testGetEpisodeDetails" time="0.252"/>
</testsuite> <!-- backend.rickandmorty.episode.EpisodeEndpointTest -->
